Created by PLY version 3.6 (http://www.dabeaz.com/ply)

Unused terminals:

    FUNCTION_MULTI

Grammar

Rule 0     S' -> statement
Rule 1     statement -> expression
Rule 2     expression -> expression + expression
Rule 3     expression -> expression - expression
Rule 4     expression -> expression * expression
Rule 5     expression -> expression / expression
Rule 6     expression -> expression ^ expression
Rule 7     expression -> - expression
Rule 8     expression -> expression !
Rule 9     statement -> empty
Rule 10    expression -> FUNCTION_1 ( expression )
Rule 11    expression -> FUNCTION_1 expression
Rule 12    expression -> ( expression )
Rule 13    expression -> NUMBER
Rule 14    expression -> IDENTIFIER
Rule 15    empty -> <empty>

Terminals, with rules where they appear

!                    : 8
(                    : 10 12
)                    : 10 12
*                    : 4
+                    : 2
-                    : 3 7
/                    : 5
FUNCTION_1           : 10 11
FUNCTION_MULTI       : 
IDENTIFIER           : 14
NUMBER               : 13
^                    : 6
error                : 

Nonterminals, with rules where they appear

empty                : 9
expression           : 1 2 2 3 3 4 4 5 5 6 6 7 8 10 11 12
statement            : 0

Parsing method: LALR

state 0

    (0) S' -> . statement
    (1) statement -> . expression
    (9) statement -> . empty
    (2) expression -> . expression + expression
    (3) expression -> . expression - expression
    (4) expression -> . expression * expression
    (5) expression -> . expression / expression
    (6) expression -> . expression ^ expression
    (7) expression -> . - expression
    (8) expression -> . expression !
    (10) expression -> . FUNCTION_1 ( expression )
    (11) expression -> . FUNCTION_1 expression
    (12) expression -> . ( expression )
    (13) expression -> . NUMBER
    (14) expression -> . IDENTIFIER
    (15) empty -> .

    -               shift and go to state 6
    FUNCTION_1      shift and go to state 1
    (               shift and go to state 3
    NUMBER          shift and go to state 2
    IDENTIFIER      shift and go to state 7
    $end            reduce using rule 15 (empty -> .)

    expression                     shift and go to state 5
    statement                      shift and go to state 8
    empty                          shift and go to state 4

state 1

    (10) expression -> FUNCTION_1 . ( expression )
    (11) expression -> FUNCTION_1 . expression
    (2) expression -> . expression + expression
    (3) expression -> . expression - expression
    (4) expression -> . expression * expression
    (5) expression -> . expression / expression
    (6) expression -> . expression ^ expression
    (7) expression -> . - expression
    (8) expression -> . expression !
    (10) expression -> . FUNCTION_1 ( expression )
    (11) expression -> . FUNCTION_1 expression
    (12) expression -> . ( expression )
    (13) expression -> . NUMBER
    (14) expression -> . IDENTIFIER

    (               shift and go to state 9
    -               shift and go to state 6
    FUNCTION_1      shift and go to state 1
    NUMBER          shift and go to state 2
    IDENTIFIER      shift and go to state 7

    expression                     shift and go to state 10

state 2

    (13) expression -> NUMBER .

    +               reduce using rule 13 (expression -> NUMBER .)
    -               reduce using rule 13 (expression -> NUMBER .)
    *               reduce using rule 13 (expression -> NUMBER .)
    /               reduce using rule 13 (expression -> NUMBER .)
    ^               reduce using rule 13 (expression -> NUMBER .)
    !               reduce using rule 13 (expression -> NUMBER .)
    $end            reduce using rule 13 (expression -> NUMBER .)
    )               reduce using rule 13 (expression -> NUMBER .)


state 3

    (12) expression -> ( . expression )
    (2) expression -> . expression + expression
    (3) expression -> . expression - expression
    (4) expression -> . expression * expression
    (5) expression -> . expression / expression
    (6) expression -> . expression ^ expression
    (7) expression -> . - expression
    (8) expression -> . expression !
    (10) expression -> . FUNCTION_1 ( expression )
    (11) expression -> . FUNCTION_1 expression
    (12) expression -> . ( expression )
    (13) expression -> . NUMBER
    (14) expression -> . IDENTIFIER

    -               shift and go to state 6
    FUNCTION_1      shift and go to state 1
    (               shift and go to state 3
    NUMBER          shift and go to state 2
    IDENTIFIER      shift and go to state 7

    expression                     shift and go to state 11

state 4

    (9) statement -> empty .

    $end            reduce using rule 9 (statement -> empty .)


state 5

    (1) statement -> expression .
    (2) expression -> expression . + expression
    (3) expression -> expression . - expression
    (4) expression -> expression . * expression
    (5) expression -> expression . / expression
    (6) expression -> expression . ^ expression
    (8) expression -> expression . !

    $end            reduce using rule 1 (statement -> expression .)
    +               shift and go to state 15
    -               shift and go to state 16
    *               shift and go to state 14
    /               shift and go to state 17
    ^               shift and go to state 13
    !               shift and go to state 12


state 6

    (7) expression -> - . expression
    (2) expression -> . expression + expression
    (3) expression -> . expression - expression
    (4) expression -> . expression * expression
    (5) expression -> . expression / expression
    (6) expression -> . expression ^ expression
    (7) expression -> . - expression
    (8) expression -> . expression !
    (10) expression -> . FUNCTION_1 ( expression )
    (11) expression -> . FUNCTION_1 expression
    (12) expression -> . ( expression )
    (13) expression -> . NUMBER
    (14) expression -> . IDENTIFIER

    -               shift and go to state 6
    FUNCTION_1      shift and go to state 1
    (               shift and go to state 3
    NUMBER          shift and go to state 2
    IDENTIFIER      shift and go to state 7

    expression                     shift and go to state 18

state 7

    (14) expression -> IDENTIFIER .

    +               reduce using rule 14 (expression -> IDENTIFIER .)
    -               reduce using rule 14 (expression -> IDENTIFIER .)
    *               reduce using rule 14 (expression -> IDENTIFIER .)
    /               reduce using rule 14 (expression -> IDENTIFIER .)
    ^               reduce using rule 14 (expression -> IDENTIFIER .)
    !               reduce using rule 14 (expression -> IDENTIFIER .)
    $end            reduce using rule 14 (expression -> IDENTIFIER .)
    )               reduce using rule 14 (expression -> IDENTIFIER .)


state 8

    (0) S' -> statement .



state 9

    (10) expression -> FUNCTION_1 ( . expression )
    (12) expression -> ( . expression )
    (2) expression -> . expression + expression
    (3) expression -> . expression - expression
    (4) expression -> . expression * expression
    (5) expression -> . expression / expression
    (6) expression -> . expression ^ expression
    (7) expression -> . - expression
    (8) expression -> . expression !
    (10) expression -> . FUNCTION_1 ( expression )
    (11) expression -> . FUNCTION_1 expression
    (12) expression -> . ( expression )
    (13) expression -> . NUMBER
    (14) expression -> . IDENTIFIER

    -               shift and go to state 6
    FUNCTION_1      shift and go to state 1
    (               shift and go to state 3
    NUMBER          shift and go to state 2
    IDENTIFIER      shift and go to state 7

    expression                     shift and go to state 19

state 10

    (11) expression -> FUNCTION_1 expression .
    (2) expression -> expression . + expression
    (3) expression -> expression . - expression
    (4) expression -> expression . * expression
    (5) expression -> expression . / expression
    (6) expression -> expression . ^ expression
    (8) expression -> expression . !

    +               reduce using rule 11 (expression -> FUNCTION_1 expression .)
    -               reduce using rule 11 (expression -> FUNCTION_1 expression .)
    *               reduce using rule 11 (expression -> FUNCTION_1 expression .)
    /               reduce using rule 11 (expression -> FUNCTION_1 expression .)
    !               reduce using rule 11 (expression -> FUNCTION_1 expression .)
    $end            reduce using rule 11 (expression -> FUNCTION_1 expression .)
    )               reduce using rule 11 (expression -> FUNCTION_1 expression .)
    ^               shift and go to state 13

  ! ^               [ reduce using rule 11 (expression -> FUNCTION_1 expression .) ]
  ! +               [ shift and go to state 15 ]
  ! -               [ shift and go to state 16 ]
  ! *               [ shift and go to state 14 ]
  ! /               [ shift and go to state 17 ]
  ! !               [ shift and go to state 12 ]


state 11

    (12) expression -> ( expression . )
    (2) expression -> expression . + expression
    (3) expression -> expression . - expression
    (4) expression -> expression . * expression
    (5) expression -> expression . / expression
    (6) expression -> expression . ^ expression
    (8) expression -> expression . !

    )               shift and go to state 20
    +               shift and go to state 15
    -               shift and go to state 16
    *               shift and go to state 14
    /               shift and go to state 17
    ^               shift and go to state 13
    !               shift and go to state 12


state 12

    (8) expression -> expression ! .

    +               reduce using rule 8 (expression -> expression ! .)
    -               reduce using rule 8 (expression -> expression ! .)
    *               reduce using rule 8 (expression -> expression ! .)
    /               reduce using rule 8 (expression -> expression ! .)
    ^               reduce using rule 8 (expression -> expression ! .)
    !               reduce using rule 8 (expression -> expression ! .)
    $end            reduce using rule 8 (expression -> expression ! .)
    )               reduce using rule 8 (expression -> expression ! .)


state 13

    (6) expression -> expression ^ . expression
    (2) expression -> . expression + expression
    (3) expression -> . expression - expression
    (4) expression -> . expression * expression
    (5) expression -> . expression / expression
    (6) expression -> . expression ^ expression
    (7) expression -> . - expression
    (8) expression -> . expression !
    (10) expression -> . FUNCTION_1 ( expression )
    (11) expression -> . FUNCTION_1 expression
    (12) expression -> . ( expression )
    (13) expression -> . NUMBER
    (14) expression -> . IDENTIFIER

    -               shift and go to state 6
    FUNCTION_1      shift and go to state 1
    (               shift and go to state 3
    NUMBER          shift and go to state 2
    IDENTIFIER      shift and go to state 7

    expression                     shift and go to state 21

state 14

    (4) expression -> expression * . expression
    (2) expression -> . expression + expression
    (3) expression -> . expression - expression
    (4) expression -> . expression * expression
    (5) expression -> . expression / expression
    (6) expression -> . expression ^ expression
    (7) expression -> . - expression
    (8) expression -> . expression !
    (10) expression -> . FUNCTION_1 ( expression )
    (11) expression -> . FUNCTION_1 expression
    (12) expression -> . ( expression )
    (13) expression -> . NUMBER
    (14) expression -> . IDENTIFIER

    -               shift and go to state 6
    FUNCTION_1      shift and go to state 1
    (               shift and go to state 3
    NUMBER          shift and go to state 2
    IDENTIFIER      shift and go to state 7

    expression                     shift and go to state 22

state 15

    (2) expression -> expression + . expression
    (2) expression -> . expression + expression
    (3) expression -> . expression - expression
    (4) expression -> . expression * expression
    (5) expression -> . expression / expression
    (6) expression -> . expression ^ expression
    (7) expression -> . - expression
    (8) expression -> . expression !
    (10) expression -> . FUNCTION_1 ( expression )
    (11) expression -> . FUNCTION_1 expression
    (12) expression -> . ( expression )
    (13) expression -> . NUMBER
    (14) expression -> . IDENTIFIER

    -               shift and go to state 6
    FUNCTION_1      shift and go to state 1
    (               shift and go to state 3
    NUMBER          shift and go to state 2
    IDENTIFIER      shift and go to state 7

    expression                     shift and go to state 23

state 16

    (3) expression -> expression - . expression
    (2) expression -> . expression + expression
    (3) expression -> . expression - expression
    (4) expression -> . expression * expression
    (5) expression -> . expression / expression
    (6) expression -> . expression ^ expression
    (7) expression -> . - expression
    (8) expression -> . expression !
    (10) expression -> . FUNCTION_1 ( expression )
    (11) expression -> . FUNCTION_1 expression
    (12) expression -> . ( expression )
    (13) expression -> . NUMBER
    (14) expression -> . IDENTIFIER

    -               shift and go to state 6
    FUNCTION_1      shift and go to state 1
    (               shift and go to state 3
    NUMBER          shift and go to state 2
    IDENTIFIER      shift and go to state 7

    expression                     shift and go to state 24

state 17

    (5) expression -> expression / . expression
    (2) expression -> . expression + expression
    (3) expression -> . expression - expression
    (4) expression -> . expression * expression
    (5) expression -> . expression / expression
    (6) expression -> . expression ^ expression
    (7) expression -> . - expression
    (8) expression -> . expression !
    (10) expression -> . FUNCTION_1 ( expression )
    (11) expression -> . FUNCTION_1 expression
    (12) expression -> . ( expression )
    (13) expression -> . NUMBER
    (14) expression -> . IDENTIFIER

    -               shift and go to state 6
    FUNCTION_1      shift and go to state 1
    (               shift and go to state 3
    NUMBER          shift and go to state 2
    IDENTIFIER      shift and go to state 7

    expression                     shift and go to state 25

state 18

    (7) expression -> - expression .
    (2) expression -> expression . + expression
    (3) expression -> expression . - expression
    (4) expression -> expression . * expression
    (5) expression -> expression . / expression
    (6) expression -> expression . ^ expression
    (8) expression -> expression . !

    +               reduce using rule 7 (expression -> - expression .)
    -               reduce using rule 7 (expression -> - expression .)
    *               reduce using rule 7 (expression -> - expression .)
    /               reduce using rule 7 (expression -> - expression .)
    $end            reduce using rule 7 (expression -> - expression .)
    )               reduce using rule 7 (expression -> - expression .)
    ^               shift and go to state 13
    !               shift and go to state 12

  ! ^               [ reduce using rule 7 (expression -> - expression .) ]
  ! !               [ reduce using rule 7 (expression -> - expression .) ]
  ! +               [ shift and go to state 15 ]
  ! -               [ shift and go to state 16 ]
  ! *               [ shift and go to state 14 ]
  ! /               [ shift and go to state 17 ]


state 19

    (10) expression -> FUNCTION_1 ( expression . )
    (12) expression -> ( expression . )
    (2) expression -> expression . + expression
    (3) expression -> expression . - expression
    (4) expression -> expression . * expression
    (5) expression -> expression . / expression
    (6) expression -> expression . ^ expression
    (8) expression -> expression . !

    )               shift and go to state 26
    +               shift and go to state 15
    -               shift and go to state 16
    *               shift and go to state 14
    /               shift and go to state 17
    ^               shift and go to state 13
    !               shift and go to state 12


state 20

    (12) expression -> ( expression ) .

    +               reduce using rule 12 (expression -> ( expression ) .)
    -               reduce using rule 12 (expression -> ( expression ) .)
    *               reduce using rule 12 (expression -> ( expression ) .)
    /               reduce using rule 12 (expression -> ( expression ) .)
    ^               reduce using rule 12 (expression -> ( expression ) .)
    !               reduce using rule 12 (expression -> ( expression ) .)
    $end            reduce using rule 12 (expression -> ( expression ) .)
    )               reduce using rule 12 (expression -> ( expression ) .)


state 21

    (6) expression -> expression ^ expression .
    (2) expression -> expression . + expression
    (3) expression -> expression . - expression
    (4) expression -> expression . * expression
    (5) expression -> expression . / expression
    (6) expression -> expression . ^ expression
    (8) expression -> expression . !

    +               reduce using rule 6 (expression -> expression ^ expression .)
    -               reduce using rule 6 (expression -> expression ^ expression .)
    *               reduce using rule 6 (expression -> expression ^ expression .)
    /               reduce using rule 6 (expression -> expression ^ expression .)
    !               reduce using rule 6 (expression -> expression ^ expression .)
    $end            reduce using rule 6 (expression -> expression ^ expression .)
    )               reduce using rule 6 (expression -> expression ^ expression .)
    ^               shift and go to state 13

  ! ^               [ reduce using rule 6 (expression -> expression ^ expression .) ]
  ! +               [ shift and go to state 15 ]
  ! -               [ shift and go to state 16 ]
  ! *               [ shift and go to state 14 ]
  ! /               [ shift and go to state 17 ]
  ! !               [ shift and go to state 12 ]


state 22

    (4) expression -> expression * expression .
    (2) expression -> expression . + expression
    (3) expression -> expression . - expression
    (4) expression -> expression . * expression
    (5) expression -> expression . / expression
    (6) expression -> expression . ^ expression
    (8) expression -> expression . !

    +               reduce using rule 4 (expression -> expression * expression .)
    -               reduce using rule 4 (expression -> expression * expression .)
    *               reduce using rule 4 (expression -> expression * expression .)
    /               reduce using rule 4 (expression -> expression * expression .)
    $end            reduce using rule 4 (expression -> expression * expression .)
    )               reduce using rule 4 (expression -> expression * expression .)
    ^               shift and go to state 13
    !               shift and go to state 12

  ! ^               [ reduce using rule 4 (expression -> expression * expression .) ]
  ! !               [ reduce using rule 4 (expression -> expression * expression .) ]
  ! +               [ shift and go to state 15 ]
  ! -               [ shift and go to state 16 ]
  ! *               [ shift and go to state 14 ]
  ! /               [ shift and go to state 17 ]


state 23

    (2) expression -> expression + expression .
    (2) expression -> expression . + expression
    (3) expression -> expression . - expression
    (4) expression -> expression . * expression
    (5) expression -> expression . / expression
    (6) expression -> expression . ^ expression
    (8) expression -> expression . !

    +               reduce using rule 2 (expression -> expression + expression .)
    -               reduce using rule 2 (expression -> expression + expression .)
    $end            reduce using rule 2 (expression -> expression + expression .)
    )               reduce using rule 2 (expression -> expression + expression .)
    *               shift and go to state 14
    /               shift and go to state 17
    ^               shift and go to state 13
    !               shift and go to state 12

  ! *               [ reduce using rule 2 (expression -> expression + expression .) ]
  ! /               [ reduce using rule 2 (expression -> expression + expression .) ]
  ! ^               [ reduce using rule 2 (expression -> expression + expression .) ]
  ! !               [ reduce using rule 2 (expression -> expression + expression .) ]
  ! +               [ shift and go to state 15 ]
  ! -               [ shift and go to state 16 ]


state 24

    (3) expression -> expression - expression .
    (2) expression -> expression . + expression
    (3) expression -> expression . - expression
    (4) expression -> expression . * expression
    (5) expression -> expression . / expression
    (6) expression -> expression . ^ expression
    (8) expression -> expression . !

    +               reduce using rule 3 (expression -> expression - expression .)
    -               reduce using rule 3 (expression -> expression - expression .)
    $end            reduce using rule 3 (expression -> expression - expression .)
    )               reduce using rule 3 (expression -> expression - expression .)
    *               shift and go to state 14
    /               shift and go to state 17
    ^               shift and go to state 13
    !               shift and go to state 12

  ! *               [ reduce using rule 3 (expression -> expression - expression .) ]
  ! /               [ reduce using rule 3 (expression -> expression - expression .) ]
  ! ^               [ reduce using rule 3 (expression -> expression - expression .) ]
  ! !               [ reduce using rule 3 (expression -> expression - expression .) ]
  ! +               [ shift and go to state 15 ]
  ! -               [ shift and go to state 16 ]


state 25

    (5) expression -> expression / expression .
    (2) expression -> expression . + expression
    (3) expression -> expression . - expression
    (4) expression -> expression . * expression
    (5) expression -> expression . / expression
    (6) expression -> expression . ^ expression
    (8) expression -> expression . !

    +               reduce using rule 5 (expression -> expression / expression .)
    -               reduce using rule 5 (expression -> expression / expression .)
    *               reduce using rule 5 (expression -> expression / expression .)
    /               reduce using rule 5 (expression -> expression / expression .)
    $end            reduce using rule 5 (expression -> expression / expression .)
    )               reduce using rule 5 (expression -> expression / expression .)
    ^               shift and go to state 13
    !               shift and go to state 12

  ! ^               [ reduce using rule 5 (expression -> expression / expression .) ]
  ! !               [ reduce using rule 5 (expression -> expression / expression .) ]
  ! +               [ shift and go to state 15 ]
  ! -               [ shift and go to state 16 ]
  ! *               [ shift and go to state 14 ]
  ! /               [ shift and go to state 17 ]


state 26

    (10) expression -> FUNCTION_1 ( expression ) .
    (12) expression -> ( expression ) .

  ! reduce/reduce conflict for + resolved using rule 10 (expression -> FUNCTION_1 ( expression ) .)
  ! reduce/reduce conflict for - resolved using rule 10 (expression -> FUNCTION_1 ( expression ) .)
  ! reduce/reduce conflict for * resolved using rule 10 (expression -> FUNCTION_1 ( expression ) .)
  ! reduce/reduce conflict for / resolved using rule 10 (expression -> FUNCTION_1 ( expression ) .)
  ! reduce/reduce conflict for ^ resolved using rule 10 (expression -> FUNCTION_1 ( expression ) .)
  ! reduce/reduce conflict for ! resolved using rule 10 (expression -> FUNCTION_1 ( expression ) .)
  ! reduce/reduce conflict for $end resolved using rule 10 (expression -> FUNCTION_1 ( expression ) .)
  ! reduce/reduce conflict for ) resolved using rule 10 (expression -> FUNCTION_1 ( expression ) .)
    +               reduce using rule 10 (expression -> FUNCTION_1 ( expression ) .)
    -               reduce using rule 10 (expression -> FUNCTION_1 ( expression ) .)
    *               reduce using rule 10 (expression -> FUNCTION_1 ( expression ) .)
    /               reduce using rule 10 (expression -> FUNCTION_1 ( expression ) .)
    ^               reduce using rule 10 (expression -> FUNCTION_1 ( expression ) .)
    !               reduce using rule 10 (expression -> FUNCTION_1 ( expression ) .)
    $end            reduce using rule 10 (expression -> FUNCTION_1 ( expression ) .)
    )               reduce using rule 10 (expression -> FUNCTION_1 ( expression ) .)

  ! +               [ reduce using rule 12 (expression -> ( expression ) .) ]
  ! -               [ reduce using rule 12 (expression -> ( expression ) .) ]
  ! *               [ reduce using rule 12 (expression -> ( expression ) .) ]
  ! /               [ reduce using rule 12 (expression -> ( expression ) .) ]
  ! ^               [ reduce using rule 12 (expression -> ( expression ) .) ]
  ! !               [ reduce using rule 12 (expression -> ( expression ) .) ]
  ! $end            [ reduce using rule 12 (expression -> ( expression ) .) ]
  ! )               [ reduce using rule 12 (expression -> ( expression ) .) ]

WARNING: 
WARNING: Conflicts:
WARNING: 
WARNING: reduce/reduce conflict in state 26 resolved using rule (expression -> FUNCTION_1 ( expression ))
WARNING: rejected rule (expression -> ( expression )) in state 26
